[hook] enter _ZN10aster_time1_6__ctor17h0a205580e4cf7c62E
[hook] enter _ZN43_$LT$T$u20$as$u20$inventory..ErasedNode$GT$6submit17h422dfbd583795753E
[hook] exit _ZN43_$LT$T$u20$as$u20$inventory..ErasedNode$GT$6submit17h422dfbd583795753E
[hook] exit _ZN10aster_time1_6__ctor17h0a205580e4cf7c62E
[hook] enter _ZN4core3ops8function2Fn4call17hfcff94a1e967bf00E
[hook] enter _ZN10aster_time9time_init17h12616d2b6376165cE
[hook] enter _ZN9once_cell3imp17OnceCell$LT$T$GT$10initialize17h13a618a93fba3ff6E
[hook] enter _ZN9once_cell3imp17OnceCell$LT$T$GT$10initialize28_$u7b$$u7b$closure$u7d$$u7d$17h4e1bfbeab9483a65E
[hook] exit _ZN9once_cell3imp17OnceCell$LT$T$GT$10initialize28_$u7b$$u7b$closure$u7d$$u7d$17h4e1bfbeab9483a65E
[hook] exit _ZN9once_cell3imp17OnceCell$LT$T$GT$10initialize17h13a618a93fba3ff6E
[hook] enter _ZN10aster_time11clocksource11ClockSource3new17hf10e296c0a57b8e7E
[hook] exit _ZN10aster_time11clocksource11ClockSource3new17hf10e296c0a57b8e7E
[hook] enter _ZN9once_cell3imp17OnceCell$LT$T$GT$10initialize17he8b616db9f7a16c0E
[hook] enter _ZN9once_cell3imp17OnceCell$LT$T$GT$10initialize28_$u7b$$u7b$closure$u7d$$u7d$17h16ab85e9038c2b83E
[hook] exit _ZN9once_cell3imp17OnceCell$LT$T$GT$10initialize28_$u7b$$u7b$closure$u7d$$u7d$17h16ab85e9038c2b83E
[hook] exit _ZN9once_cell3imp17OnceCell$LT$T$GT$10initialize17he8b616db9f7a16c0E
[hook] enter _ZN10aster_time11clocksource11ClockSource11read_cycles17h219c1370cb2e0d53E
[hook] enter _ZN4core3ops8function2Fn4call17hf1219e3763eced05E
[hook] exit _ZN4core3ops8function2Fn4call17hf1219e3763eced05E
[hook] exit _ZN10aster_time11clocksource11ClockSource11read_cycles17h219c1370cb2e0d53E
[hook] enter _ZN10aster_time11clocksource11ClockSource9calibrate17h1c54014c99278d73E
[hook] enter _ZN10aster_time11clocksource11ClockSource18update_last_record17hbaca44d6046050e4E
[hook] enter _ZN3std4sync6poison10map_result17h8e40fcee60201a03E
[hook] exit _ZN3std4sync6poison10map_result17h8e40fcee60201a03E
[hook] enter _ZN94_$LT$std..sync..poison..rwlock..RwLockWriteGuard$LT$T$GT$$u20$as$u20$core..ops..drop..Drop$GT$4drop17hee8ac4fb2b7d9efbE
[hook] exit _ZN94_$LT$std..sync..poison..rwlock..RwLockWriteGuard$LT$T$GT$$u20$as$u20$core..ops..drop..Drop$GT$4drop17hee8ac4fb2b7d9efbE
[hook] exit _ZN10aster_time11clocksource11ClockSource18update_last_record17hbaca44d6046050e4E
[hook] exit _ZN10aster_time11clocksource11ClockSource9calibrate17h1c54014c99278d73E
[hook] enter _ZN10aster_time4read17h3a518913535f449fE
[hook] enter _ZN9once_cell3imp17OnceCell$LT$T$GT$10initialize17he16db8266a05e7a9E
[hook] enter _ZN9once_cell3imp17OnceCell$LT$T$GT$10initialize28_$u7b$$u7b$closure$u7d$$u7d$17h1fd9ceed4ac36051E
[hook] enter _ZN4core3ops8function6FnOnce9call_once17hf394a1ba3c4b25c2E
[hook] exit _ZN4core3ops8function6FnOnce9call_once17hf394a1ba3c4b25c2E
[hook] exit _ZN9once_cell3imp17OnceCell$LT$T$GT$10initialize28_$u7b$$u7b$closure$u7d$$u7d$17h1fd9ceed4ac36051E
[hook] exit _ZN9once_cell3imp17OnceCell$LT$T$GT$10initialize17he16db8266a05e7a9E
[hook] enter _ZN69_$LT$aster_time..rtc..DummyRtc$u20$as$u20$aster_time..rtc..Driver$GT$8read_rtc17hf1202295716b7258E
[hook] exit _ZN69_$LT$aster_time..rtc..DummyRtc$u20$as$u20$aster_time..rtc..Driver$GT$8read_rtc17hf1202295716b7258E
[hook] exit _ZN10aster_time4read17h3a518913535f449fE
[hook] enter _ZN9once_cell3imp17OnceCell$LT$T$GT$10initialize17h471910192f730c29E
[hook] enter _ZN9once_cell3imp17OnceCell$LT$T$GT$10initialize28_$u7b$$u7b$closure$u7d$$u7d$17hdd6f44f5e60398f2E
[hook] exit _ZN9once_cell3imp17OnceCell$LT$T$GT$10initialize28_$u7b$$u7b$closure$u7d$$u7d$17hdd6f44f5e60398f2E
[hook] exit _ZN9once_cell3imp17OnceCell$LT$T$GT$10initialize17h471910192f730c29E
[hook] enter _ZN9once_cell3imp17OnceCell$LT$T$GT$10initialize17h88bcd718d3dcfc0cE
[hook] enter _ZN9once_cell3imp17OnceCell$LT$T$GT$10initialize28_$u7b$$u7b$closure$u7d$$u7d$17h8951a391ce250430E
[hook] exit _ZN9once_cell3imp17OnceCell$LT$T$GT$10initialize28_$u7b$$u7b$closure$u7d$$u7d$17h8951a391ce250430E
[hook] exit _ZN9once_cell3imp17OnceCell$LT$T$GT$10initialize17h88bcd718d3dcfc0cE
[hook] enter _ZN5alloc7raw_vec19RawVec$LT$T$C$A$GT$8grow_one17hf5de41e9a3a9fdfeE
[hook] enter _ZN5alloc7raw_vec11finish_grow17hd2b7a97eff404be4E
[hook] exit _ZN5alloc7raw_vec11finish_grow17hd2b7a97eff404be4E
[hook] exit _ZN5alloc7raw_vec19RawVec$LT$T$C$A$GT$8grow_one17hf5de41e9a3a9fdfeE
[hook] exit _ZN10aster_time9time_init17h12616d2b6376165cE
[hook] exit _ZN4core3ops8function2Fn4call17hfcff94a1e967bf00E
[hook] enter _ZN10aster_time3tsc10init_timer28_$u7b$$u7b$closure$u7d$$u7d$17h09b2237cc299f4aaE
[hook] exit _ZN10aster_time3tsc10init_timer28_$u7b$$u7b$closure$u7d$$u7d$17h09b2237cc299f4aaE
[hook] enter _ZN10aster_time3tsc10init_timer28_$u7b$$u7b$closure$u7d$$u7d$17h09b2237cc299f4aaE
[hook] exit _ZN10aster_time3tsc10init_timer28_$u7b$$u7b$closure$u7d$$u7d$17h09b2237cc299f4aaE
[hook] enter _ZN10aster_time3tsc10init_timer28_$u7b$$u7b$closure$u7d$$u7d$17h09b2237cc299f4aaE
[hook] exit _ZN10aster_time3tsc10init_timer28_$u7b$$u7b$closure$u7d$$u7d$17h09b2237cc299f4aaE
[hook] enter _ZN10aster_time3tsc10init_timer28_$u7b$$u7b$closure$u7d$$u7d$17h09b2237cc299f4aaE
[hook] exit _ZN10aster_time3tsc10init_timer28_$u7b$$u7b$closure$u7d$$u7d$17h09b2237cc299f4aaE
[hook] enter _ZN10aster_time3tsc10init_timer28_$u7b$$u7b$closure$u7d$$u7d$17h09b2237cc299f4aaE
[hook] exit _ZN10aster_time3tsc10init_timer28_$u7b$$u7b$closure$u7d$$u7d$17h09b2237cc299f4aaE
[hook] enter _ZN10aster_time3tsc10init_timer28_$u7b$$u7b$closure$u7d$$u7d$17h09b2237cc299f4aaE
[hook] exit _ZN10aster_time3tsc10init_timer28_$u7b$$u7b$closure$u7d$$u7d$17h09b2237cc299f4aaE
[hook] enter _ZN10aster_time3tsc10init_timer28_$u7b$$u7b$closure$u7d$$u7d$17h09b2237cc299f4aaE
[hook] exit _ZN10aster_time3tsc10init_timer28_$u7b$$u7b$closure$u7d$$u7d$17h09b2237cc299f4aaE
[hook] enter _ZN10aster_time3tsc10init_timer28_$u7b$$u7b$closure$u7d$$u7d$17h09b2237cc299f4aaE
[hook] exit _ZN10aster_time3tsc10init_timer28_$u7b$$u7b$closure$u7d$$u7d$17h09b2237cc299f4aaE
[hook] enter _ZN10aster_time3tsc10init_timer28_$u7b$$u7b$closure$u7d$$u7d$17h09b2237cc299f4aaE
[hook] exit _ZN10aster_time3tsc10init_timer28_$u7b$$u7b$closure$u7d$$u7d$17h09b2237cc299f4aaE
[hook] enter _ZN10aster_time3tsc10init_timer28_$u7b$$u7b$closure$u7d$$u7d$17h09b2237cc299f4aaE
[hook] exit _ZN10aster_time3tsc10init_timer28_$u7b$$u7b$closure$u7d$$u7d$17h09b2237cc299f4aaE
[hook] enter _ZN10aster_time13get_real_time17hef740dd5bc575cc8E
[hook] enter _ZN10aster_time4read17h3a518913535f449fE
[hook] enter _ZN69_$LT$aster_time..rtc..DummyRtc$u20$as$u20$aster_time..rtc..Driver$GT$8read_rtc17hf1202295716b7258E
[hook] exit _ZN69_$LT$aster_time..rtc..DummyRtc$u20$as$u20$aster_time..rtc..Driver$GT$8read_rtc17hf1202295716b7258E
[hook] exit _ZN10aster_time4read17h3a518913535f449fE
[hook] exit _ZN10aster_time13get_real_time17hef740dd5bc575cc8E
[hook] enter _ZN10aster_time4read17h3a518913535f449fE
[hook] enter _ZN69_$LT$aster_time..rtc..DummyRtc$u20$as$u20$aster_time..rtc..Driver$GT$8read_rtc17hf1202295716b7258E
[hook] exit _ZN69_$LT$aster_time..rtc..DummyRtc$u20$as$u20$aster_time..rtc..Driver$GT$8read_rtc17hf1202295716b7258E
[hook] exit _ZN10aster_time4read17h3a518913535f449fE
[hook] enter _ZN10aster_time15read_start_time17hf208e34e0fea5afdE
[hook] exit _ZN10aster_time15read_start_time17hf208e34e0fea5afdE
[hook] enter _ZN10aster_time19read_monotonic_time17h80876e69c5a56278E
[hook] enter _ZN10aster_time11clocksource11ClockSource12read_instant17hfb9038b0185134b6E
[hook] enter _ZN10aster_time11clocksource11ClockSource17calculate_instant17hc3e4ee6d88a39950E
[hook] enter _ZN3std4sync6poison6rwlock24RwLockReadGuard$LT$T$GT$3new17h6bcbfba9964a4dc3E
[hook] exit _ZN3std4sync6poison6rwlock24RwLockReadGuard$LT$T$GT$3new17h6bcbfba9964a4dc3E
[hook] enter _ZN93_$LT$std..sync..poison..rwlock..RwLockReadGuard$LT$T$GT$$u20$as$u20$core..ops..drop..Drop$GT$4drop17h768b381cddb1b79fE
[hook] exit _ZN93_$LT$std..sync..poison..rwlock..RwLockReadGuard$LT$T$GT$$u20$as$u20$core..ops..drop..Drop$GT$4drop17h768b381cddb1b79fE
[hook] enter _ZN4core3ops8function2Fn4call17hf1219e3763eced05E
[hook] exit _ZN4core3ops8function2Fn4call17hf1219e3763eced05E
[hook] exit _ZN10aster_time11clocksource11ClockSource17calculate_instant17hc3e4ee6d88a39950E
[hook] exit _ZN10aster_time11clocksource11ClockSource12read_instant17hfb9038b0185134b6E
[hook] exit _ZN10aster_time19read_monotonic_time17h80876e69c5a56278E
[hook] enter _ZN10aster_time19default_clocksource17h815a8b02a74661a3E
[hook] exit _ZN10aster_time19default_clocksource17h815a8b02a74661a3E
[hook] enter _ZN10aster_time11clocksource11ClockSource11read_cycles17h219c1370cb2e0d53E
[hook] enter _ZN4core3ops8function2Fn4call17hf1219e3763eced05E
[hook] exit _ZN4core3ops8function2Fn4call17hf1219e3763eced05E
[hook] exit _ZN10aster_time11clocksource11ClockSource11read_cycles17h219c1370cb2e0d53E
[hook] enter _ZN10aster_time11clocksource11ClockSource11last_record17h26df6cb3a2a23c82E
[hook] enter _ZN3std4sync6poison6rwlock24RwLockReadGuard$LT$T$GT$3new17h6bcbfba9964a4dc3E
[hook] exit _ZN3std4sync6poison6rwlock24RwLockReadGuard$LT$T$GT$3new17h6bcbfba9964a4dc3E
[hook] enter _ZN93_$LT$std..sync..poison..rwlock..RwLockReadGuard$LT$T$GT$$u20$as$u20$core..ops..drop..Drop$GT$4drop17h768b381cddb1b79fE
[hook] exit _ZN93_$LT$std..sync..poison..rwlock..RwLockReadGuard$LT$T$GT$$u20$as$u20$core..ops..drop..Drop$GT$4drop17h768b381cddb1b79fE
[hook] exit _ZN10aster_time11clocksource11ClockSource11last_record17h26df6cb3a2a23c82E
